{"time":1756042184692,"hostname":"e49f81a9c3d9","pid":7805,"level":"debug","name":"pnpm:scope","selected":1,"workspacePrefix":"/workspace/ERM-Telegram-web-bot"}

> erm-telegram-web-bot@ build /workspace/ERM-Telegram-web-bot
> pnpm -r build

{"time":1756042186097,"hostname":"e49f81a9c3d9","pid":7818,"level":"debug","name":"pnpm:scope","selected":3,"total":4,"workspacePrefix":"/workspace/ERM-Telegram-web-bot"}
{"time":1756042186105,"hostname":"e49f81a9c3d9","pid":7818,"level":"debug","name":"pnpm:lifecycle","depPath":"/workspace/ERM-Telegram-web-bot/packages/shared","optional":false,"script":"tsc -p tsconfig.json","stage":"build","wd":"/workspace/ERM-Telegram-web-bot/packages/shared"}
{"time":1756042188095,"hostname":"e49f81a9c3d9","pid":7818,"level":"debug","name":"pnpm:lifecycle","depPath":"/workspace/ERM-Telegram-web-bot/packages/shared","exitCode":0,"optional":false,"stage":"build","wd":"/workspace/ERM-Telegram-web-bot/packages/shared"}
{"time":1756042188100,"hostname":"e49f81a9c3d9","pid":7818,"level":"debug","name":"pnpm:lifecycle","depPath":"/workspace/ERM-Telegram-web-bot/apps/api","optional":false,"script":"tsc -b","stage":"build","wd":"/workspace/ERM-Telegram-web-bot/apps/api"}
{"time":1756042188101,"hostname":"e49f81a9c3d9","pid":7818,"level":"debug","name":"pnpm:lifecycle","depPath":"/workspace/ERM-Telegram-web-bot/apps/web","optional":false,"script":"vite build","stage":"build","wd":"/workspace/ERM-Telegram-web-bot/apps/web"}
{"time":1756042189554,"hostname":"e49f81a9c3d9","pid":7818,"level":"debug","name":"pnpm:lifecycle","depPath":"/workspace/ERM-Telegram-web-bot/apps/web","line":"vite v7.1.3 building for production...","stage":"build","stdio":"stdout","wd":"/workspace/ERM-Telegram-web-bot/apps/web"}
{"time":1756042191345,"hostname":"e49f81a9c3d9","pid":7818,"level":"debug","name":"pnpm:lifecycle","depPath":"/workspace/ERM-Telegram-web-bot/apps/web","line":"transforming...","stage":"build","stdio":"stdout","wd":"/workspace/ERM-Telegram-web-bot/apps/web"}
{"time":1756042205998,"hostname":"e49f81a9c3d9","pid":7818,"level":"debug","name":"pnpm:lifecycle","depPath":"/workspace/ERM-Telegram-web-bot/apps/api","exitCode":0,"optional":false,"stage":"build","wd":"/workspace/ERM-Telegram-web-bot/apps/api"}
{"time":1756042218011,"hostname":"e49f81a9c3d9","pid":7818,"level":"debug","name":"pnpm:lifecycle","depPath":"/workspace/ERM-Telegram-web-bot/apps/web","line":"✓ 3499 modules transformed.","stage":"build","stdio":"stdout","wd":"/workspace/ERM-Telegram-web-bot/apps/web"}
{"time":1756042219586,"hostname":"e49f81a9c3d9","pid":7818,"level":"debug","name":"pnpm:lifecycle","depPath":"/workspace/ERM-Telegram-web-bot/apps/web","line":"Generated an empty chunk: \"charts\".","stage":"build","stdio":"stderr","wd":"/workspace/ERM-Telegram-web-bot/apps/web"}
{"time":1756042220166,"hostname":"e49f81a9c3d9","pid":7818,"level":"debug","name":"pnpm:lifecycle","depPath":"/workspace/ERM-Telegram-web-bot/apps/web","line":"rendering chunks...","stage":"build","stdio":"stdout","wd":"/workspace/ERM-Telegram-web-bot/apps/web"}
{"time":1756042221530,"hostname":"e49f81a9c3d9","pid":7818,"level":"debug","name":"pnpm:lifecycle","depPath":"/workspace/ERM-Telegram-web-bot/apps/web","line":"computing gzip size...","stage":"build","stdio":"stdout","wd":"/workspace/ERM-Telegram-web-bot/apps/web"}
{"time":1756042221639,"hostname":"e49f81a9c3d9","pid":7818,"level":"debug","name":"pnpm:lifecycle","depPath":"/workspace/ERM-Telegram-web-bot/apps/web","line":"../api/public/index.html                             0.89 kB │ gzip:   0.47 kB","stage":"build","stdio":"stdout","wd":"/workspace/ERM-Telegram-web-bot/apps/web"}
{"time":1756042221640,"hostname":"e49f81a9c3d9","pid":7818,"level":"debug","name":"pnpm:lifecycle","depPath":"/workspace/ERM-Telegram-web-bot/apps/web","line":"../api/public/.vite/manifest.json                    6.80 kB │ gzip:   1.04 kB","stage":"build","stdio":"stdout","wd":"/workspace/ERM-Telegram-web-bot/apps/web"}
{"time":1756042221641,"hostname":"e49f81a9c3d9","pid":7818,"level":"debug","name":"pnpm:lifecycle","depPath":"/workspace/ERM-Telegram-web-bot/apps/web","line":"../api/public/assets/Routes-Dgihpmma.css            15.04 kB │ gzip:   6.38 kB","stage":"build","stdio":"stdout","wd":"/workspace/ERM-Telegram-web-bot/apps/web"}
{"time":1756042221641,"hostname":"e49f81a9c3d9","pid":7818,"level":"debug","name":"pnpm:lifecycle","depPath":"/workspace/ERM-Telegram-web-bot/apps/web","line":"../api/public/assets/index-t7oGYr8t.css             74.97 kB │ gzip:  12.12 kB","stage":"build","stdio":"stdout","wd":"/workspace/ERM-Telegram-web-bot/apps/web"}
{"time":1756042221642,"hostname":"e49f81a9c3d9","pid":7818,"level":"debug","name":"pnpm:lifecycle","depPath":"/workspace/ERM-Telegram-web-bot/apps/web","line":"../api/public/assets/useGrid-CukpoaQi.css          189.40 kB │ gzip:  32.26 kB","stage":"build","stdio":"stdout","wd":"/workspace/ERM-Telegram-web-bot/apps/web"}
{"time":1756042221642,"hostname":"e49f81a9c3d9","pid":7818,"level":"debug","name":"pnpm:lifecycle","depPath":"/workspace/ERM-Telegram-web-bot/apps/web","line":"../api/public/assets/charts-l0sNRNKZ.js              0.00 kB │ gzip:   0.02 kB","stage":"build","stdio":"stdout","wd":"/workspace/ERM-Telegram-web-bot/apps/web"}
{"time":1756042221642,"hostname":"e49f81a9c3d9","pid":7818,"level":"debug","name":"pnpm:lifecycle","depPath":"/workspace/ERM-Telegram-web-bot/apps/web","line":"../api/public/assets/index-DkoXlQ5i.js               0.50 kB │ gzip:   0.36 kB","stage":"build","stdio":"stdout","wd":"/workspace/ERM-Telegram-web-bot/apps/web"}
{"time":1756042221643,"hostname":"e49f81a9c3d9","pid":7818,"level":"debug","name":"pnpm:lifecycle","depPath":"/workspace/ERM-Telegram-web-bot/apps/web","line":"../api/public/assets/ckeditor-DoNVZ2GM.js            0.50 kB │ gzip:   0.36 kB","stage":"build","stdio":"stdout","wd":"/workspace/ERM-Telegram-web-bot/apps/web"}
{"time":1756042221643,"hostname":"e49f81a9c3d9","pid":7818,"level":"debug","name":"pnpm:lifecycle","depPath":"/workspace/ERM-Telegram-web-bot/apps/web","line":"../api/public/assets/Breadcrumbs-AEnDx5PZ.js         0.54 kB │ gzip:   0.30 kB","stage":"build","stdio":"stdout","wd":"/workspace/ERM-Telegram-web-bot/apps/web"}
{"time":1756042221643,"hostname":"e49f81a9c3d9","pid":7818,"level":"debug","name":"pnpm:lifecycle","depPath":"/workspace/ERM-Telegram-web-bot/apps/web","line":"../api/public/assets/useGrid-6ECgoRaC.js             0.60 kB │ gzip:   0.38 kB","stage":"build","stdio":"stdout","wd":"/workspace/ERM-Telegram-web-bot/apps/web"}
{"time":1756042221643,"hostname":"e49f81a9c3d9","pid":7818,"level":"debug","name":"pnpm:lifecycle","depPath":"/workspace/ERM-Telegram-web-bot/apps/web","line":"../api/public/assets/AttachmentMenu-E0hx5uS6.js      0.75 kB │ gzip:   0.50 kB","stage":"build","stdio":"stdout","wd":"/workspace/ERM-Telegram-web-bot/apps/web"}
{"time":1756042221643,"hostname":"e49f81a9c3d9","pid":7818,"level":"debug","name":"pnpm:lifecycle","depPath":"/workspace/ERM-Telegram-web-bot/apps/web","line":"../api/public/assets/Storage-CmhyKMOL.js             0.92 kB │ gzip:   0.57 kB","stage":"build","stdio":"stdout","wd":"/workspace/ERM-Telegram-web-bot/apps/web"}
{"time":1756042221643,"hostname":"e49f81a9c3d9","pid":7818,"level":"debug","name":"pnpm:lifecycle","depPath":"/workspace/ERM-Telegram-web-bot/apps/web","line":"../api/public/assets/ThemeSettings-wVJ_n2PR.js       0.97 kB │ gzip:   0.51 kB","stage":"build","stdio":"stdout","wd":"/workspace/ERM-Telegram-web-bot/apps/web"}
{"time":1756042221644,"hostname":"e49f81a9c3d9","pid":7818,"level":"debug","name":"pnpm:lifecycle","depPath":"/workspace/ERM-Telegram-web-bot/apps/web","line":"../api/public/assets/Roles-BGL_Bt_s.js               1.14 kB │ gzip:   0.69 kB","stage":"build","stdio":"stdout","wd":"/workspace/ERM-Telegram-web-bot/apps/web"}
{"time":1756042221644,"hostname":"e49f81a9c3d9","pid":7818,"level":"debug","name":"pnpm:lifecycle","depPath":"/workspace/ERM-Telegram-web-bot/apps/web","line":"../api/public/assets/Profile-CzMimOL-.js             1.46 kB │ gzip:   0.73 kB","stage":"build","stdio":"stdout","wd":"/workspace/ERM-Telegram-web-bot/apps/web"}
{"time":1756042221644,"hostname":"e49f81a9c3d9","pid":7818,"level":"debug","name":"pnpm:lifecycle","depPath":"/workspace/ERM-Telegram-web-bot/apps/web","line":"../api/public/assets/CodeLogin-3T0qbr4e.js           1.51 kB │ gzip:   0.85 kB","stage":"build","stdio":"stdout","wd":"/workspace/ERM-Telegram-web-bot/apps/web"}
{"time":1756042221644,"hostname":"e49f81a9c3d9","pid":7818,"level":"debug","name":"pnpm:lifecycle","depPath":"/workspace/ERM-Telegram-web-bot/apps/web","line":"../api/public/assets/Reports-DoRW3o1h.js             1.79 kB │ gzip:   0.86 kB","stage":"build","stdio":"stdout","wd":"/workspace/ERM-Telegram-web-bot/apps/web"}
{"time":1756042221644,"hostname":"e49f81a9c3d9","pid":7818,"level":"debug","name":"pnpm:lifecycle","depPath":"/workspace/ERM-Telegram-web-bot/apps/web","line":"../api/public/assets/TaskTable-lGgrJDPt.js           2.68 kB │ gzip:   1.37 kB","stage":"build","stdio":"stdout","wd":"/workspace/ERM-Telegram-web-bot/apps/web"}
{"time":1756042221645,"hostname":"e49f81a9c3d9","pid":7818,"level":"debug","name":"pnpm:lifecycle","depPath":"/workspace/ERM-Telegram-web-bot/apps/web","line":"../api/public/assets/TasksPage-CNsKEqnN.js           3.12 kB │ gzip:   1.38 kB","stage":"build","stdio":"stdout","wd":"/workspace/ERM-Telegram-web-bot/apps/web"}
{"time":1756042221645,"hostname":"e49f81a9c3d9","pid":7818,"level":"debug","name":"pnpm:lifecycle","depPath":"/workspace/ERM-Telegram-web-bot/apps/web","line":"../api/public/assets/index-BHIVKM3h.js               4.08 kB │ gzip:   1.99 kB","stage":"build","stdio":"stdout","wd":"/workspace/ERM-Telegram-web-bot/apps/web"}
{"time":1756042221645,"hostname":"e49f81a9c3d9","pid":7818,"level":"debug","name":"pnpm:lifecycle","depPath":"/workspace/ERM-Telegram-web-bot/apps/web","line":"../api/public/assets/Logs-vu09BONk.js                5.60 kB │ gzip:   2.21 kB","stage":"build","stdio":"stdout","wd":"/workspace/ERM-Telegram-web-bot/apps/web"}
{"time":1756042221645,"hostname":"e49f81a9c3d9","pid":7818,"level":"debug","name":"pnpm:lifecycle","depPath":"/workspace/ERM-Telegram-web-bot/apps/web","line":"../api/public/assets/TelegramApp-3yUXvafE.js        55.13 kB │ gzip:  18.06 kB","stage":"build","stdio":"stdout","wd":"/workspace/ERM-Telegram-web-bot/apps/web"}
{"time":1756042221645,"hostname":"e49f81a9c3d9","pid":7818,"level":"debug","name":"pnpm:lifecycle","depPath":"/workspace/ERM-Telegram-web-bot/apps/web","line":"../api/public/assets/TaskKanban-DlhMHGlM.js         98.78 kB │ gzip:  31.13 kB","stage":"build","stdio":"stdout","wd":"/workspace/ERM-Telegram-web-bot/apps/web"}
{"time":1756042221645,"hostname":"e49f81a9c3d9","pid":7818,"level":"debug","name":"pnpm:lifecycle","depPath":"/workspace/ERM-Telegram-web-bot/apps/web","line":"../api/public/assets/Routes-CEP8TilQ.js            154.13 kB │ gzip:  45.45 kB","stage":"build","stdio":"stdout","wd":"/workspace/ERM-Telegram-web-bot/apps/web"}
{"time":1756042221645,"hostname":"e49f81a9c3d9","pid":7818,"level":"debug","name":"pnpm:lifecycle","depPath":"/workspace/ERM-Telegram-web-bot/apps/web","line":"../api/public/assets/react-DBbpGdxe.js             176.47 kB │ gzip:  58.26 kB","stage":"build","stdio":"stdout","wd":"/workspace/ERM-Telegram-web-bot/apps/web"}
{"time":1756042221645,"hostname":"e49f81a9c3d9","pid":7818,"level":"debug","name":"pnpm:lifecycle","depPath":"/workspace/ERM-Telegram-web-bot/apps/web","line":"../api/public/assets/App-CDGDH0Vt.js               397.86 kB │ gzip: 128.55 kB","stage":"build","stdio":"stdout","wd":"/workspace/ERM-Telegram-web-bot/apps/web"}
{"time":1756042221646,"hostname":"e49f81a9c3d9","pid":7818,"level":"debug","name":"pnpm:lifecycle","depPath":"/workspace/ERM-Telegram-web-bot/apps/web","line":"../api/public/assets/ag-grid-ButeBh76.js           884.28 kB │ gzip: 230.43 kB","stage":"build","stdio":"stdout","wd":"/workspace/ERM-Telegram-web-bot/apps/web"}
{"time":1756042221646,"hostname":"e49f81a9c3d9","pid":7818,"level":"debug","name":"pnpm:lifecycle","depPath":"/workspace/ERM-Telegram-web-bot/apps/web","line":"../api/public/assets/ckeditor-CBg0T5WO.js        1,341.08 kB │ gzip: 333.77 kB","stage":"build","stdio":"stdout","wd":"/workspace/ERM-Telegram-web-bot/apps/web"}
{"time":1756042221649,"hostname":"e49f81a9c3d9","pid":7818,"level":"debug","name":"pnpm:lifecycle","depPath":"/workspace/ERM-Telegram-web-bot/apps/web","line":"✓ built in 31.98s","stage":"build","stdio":"stdout","wd":"/workspace/ERM-Telegram-web-bot/apps/web"}
{"time":1756042222224,"hostname":"e49f81a9c3d9","pid":7818,"level":"debug","name":"pnpm:lifecycle","depPath":"/workspace/ERM-Telegram-web-bot/apps/web","exitCode":0,"optional":false,"stage":"build","wd":"/workspace/ERM-Telegram-web-bot/apps/web"}
{"time":1756042222226,"hostname":"e49f81a9c3d9","pid":7818,"level":"debug","name":"pnpm:execution-time","startedAt":1756042185068,"endedAt":1756042222226}
{"time":1756042222303,"hostname":"e49f81a9c3d9","pid":7805,"level":"debug","name":"pnpm:execution-time","startedAt":1756042183801,"endedAt":1756042222303}
